Grammar

    0 $accept: Program $end

    1 Program: MainClassDeclaration ClassDeclarationList

    2 MainClassDeclaration: CLASS_KEYWORD IDENTIFIER '{' PUBLIC_KEYWORD STATIC_KEYWORD VOID_KEYWORD MAIN_KEYWORD '(' STRING_KEYWORD '[' ']' IDENTIFIER ')' '{' Statement '}' '}'

    3 ClassDeclarationList: /* empty */
    4                     | ClassDeclaration ClassDeclarationList

    5 ClassExtends: /* empty */
    6             | EXTENDS_KEYWORD IDENTIFIER

    7 ClassDeclaration: CLASS_KEYWORD IDENTIFIER ClassExtends '{' VariableDeclarationList MethodDeclarationList '}'

    8 VariableDeclarationList: /* empty */
    9                        | VariableDeclarationList VariableDeclaration

   10 VariableDeclaration: Type IDENTIFIER ';'

   11 MethodDeclarationList: /* empty */
   12                      | MethodDeclarationList MethodDeclaration

   13 MethodDeclaration: PUBLIC_KEYWORD Type IDENTIFIER '(' FormalList ')' '{' VariableDeclarationList StatementList RETURN_KEYWORD Expression ';' '}'

   14 FormalList: /* empty */
   15           | Type IDENTIFIER FormalRestList

   16 FormalRestList: /* empty */
   17               | FormalRestList FormalRest

   18 FormalRest: ',' Type IDENTIFIER

   19 Type: INT_KEYWORD '[' ']'
   20     | BOOLEAN_KEYWORD
   21     | INT_KEYWORD
   22     | IDENTIFIER

   23 StatementList: /* empty */
   24              | Statement StatementList

   25 Statement: '{' StatementList '}'
   26          | IF_KEYWORD '(' Expression ')' Statement ELSE_KEYWORD Statement
   27          | WHILE_KEYWORD '(' Expression ')' Statement
   28          | SYSTEM_KEYWORD '.' OUT_KEYWORD '.' PRINTLN_KEYWORD '(' Expression ')' ';'
   29          | IDENTIFIER '=' Expression ';'
   30          | IDENTIFIER '[' Expression ']' '=' Expression ';'

   31 Expression: Expression BINARY_AND Expression
   32           | Expression '<' Expression
   33           | Expression '+' Expression
   34           | Expression '-' Expression
   35           | Expression '*' Expression
   36           | Expression MethodExpression
   37           | INTEGER_NUMBER
   38           | TRUE_KEYWORD
   39           | FALSE_KEYWORD
   40           | IDENTIFIER
   41           | THIS_KEYWORD
   42           | NEW_KEYWORD INT_KEYWORD '[' Expression ']'
   43           | NEW_KEYWORD IDENTIFIER '(' ')'
   44           | '!' Expression
   45           | '(' Expression ')'

   46 MethodExpression: '.' LENGTH_KEYWORD
   47                 | '.' IDENTIFIER '(' ExpressionList ')'

   48 ExpressionList: /* empty */
   49               | Expression ExpressionRestList

   50 ExpressionRestList: /* empty */
   51                   | ExpressionRest ExpressionRestList

   52 ExpressionRest: ',' Expression


Terminals, with rules where they appear

$end (0) 0
'!' (33) 44
'(' (40) 2 13 26 27 28 43 45 47
')' (41) 2 13 26 27 28 43 45 47
'*' (42) 35
'+' (43) 33
',' (44) 18 52
'-' (45) 34
'.' (46) 28 46 47
';' (59) 10 13 28 29 30
'<' (60) 32
'=' (61) 29 30
'[' (91) 2 19 30 42
']' (93) 2 19 30 42
'{' (123) 2 7 13 25
'}' (125) 2 7 13 25
error (256)
INTEGER_NUMBER (258) 37
IDENTIFIER (259) 2 6 7 10 13 15 18 22 29 30 40 43 47
CLASS_KEYWORD (260) 2 7
PUBLIC_KEYWORD (261) 2 13
STATIC_KEYWORD (262) 2
VOID_KEYWORD (263) 2
EXTENDS_KEYWORD (264) 6
RETURN_KEYWORD (265) 13
INT_KEYWORD (266) 19 21 42
BOOLEAN_KEYWORD (267) 20
STRING_KEYWORD (268) 2
IF_KEYWORD (269) 26
ELSE_KEYWORD (270) 26
WHILE_KEYWORD (271) 27
TRUE_KEYWORD (272) 38
FALSE_KEYWORD (273) 39
THIS_KEYWORD (274) 41
NEW_KEYWORD (275) 42 43
PRINTLN_KEYWORD (276) 28
LENGTH_KEYWORD (277) 46
MAIN_KEYWORD (278) 2
SYSTEM_KEYWORD (279) 28
OUT_KEYWORD (280) 28
BINARY_AND (281) 31


Nonterminals, with rules where they appear

$accept (42)
    on left: 0
Program (43)
    on left: 1, on right: 0
MainClassDeclaration (44)
    on left: 2, on right: 1
ClassDeclarationList (45)
    on left: 3 4, on right: 1 4
ClassExtends (46)
    on left: 5 6, on right: 7
ClassDeclaration (47)
    on left: 7, on right: 4
VariableDeclarationList (48)
    on left: 8 9, on right: 7 9 13
VariableDeclaration (49)
    on left: 10, on right: 9
MethodDeclarationList (50)
    on left: 11 12, on right: 7 12
MethodDeclaration (51)
    on left: 13, on right: 12
FormalList (52)
    on left: 14 15, on right: 13
FormalRestList (53)
    on left: 16 17, on right: 15 17
FormalRest (54)
    on left: 18, on right: 17
Type (55)
    on left: 19 20 21 22, on right: 10 13 15 18
StatementList (56)
    on left: 23 24, on right: 13 24 25
Statement (57)
    on left: 25 26 27 28 29 30, on right: 2 24 26 27
Expression (58)
    on left: 31 32 33 34 35 36 37 38 39 40 41 42 43 44 45, on right:
    13 26 27 28 29 30 31 32 33 34 35 36 42 44 45 49 52
MethodExpression (59)
    on left: 46 47, on right: 36
ExpressionList (60)
    on left: 48 49, on right: 47
ExpressionRestList (61)
    on left: 50 51, on right: 49 51
ExpressionRest (62)
    on left: 52, on right: 51


State 0

    0 $accept: . Program $end

    CLASS_KEYWORD  shift, and go to state 1

    Program               go to state 2
    MainClassDeclaration  go to state 3


State 1

    2 MainClassDeclaration: CLASS_KEYWORD . IDENTIFIER '{' PUBLIC_KEYWORD STATIC_KEYWORD VOID_KEYWORD MAIN_KEYWORD '(' STRING_KEYWORD '[' ']' IDENTIFIER ')' '{' Statement '}' '}'

    IDENTIFIER  shift, and go to state 4


State 2

    0 $accept: Program . $end

    $end  shift, and go to state 5


State 3

    1 Program: MainClassDeclaration . ClassDeclarationList

    CLASS_KEYWORD  shift, and go to state 6

    $default  reduce using rule 3 (ClassDeclarationList)

    ClassDeclarationList  go to state 7
    ClassDeclaration      go to state 8


State 4

    2 MainClassDeclaration: CLASS_KEYWORD IDENTIFIER . '{' PUBLIC_KEYWORD STATIC_KEYWORD VOID_KEYWORD MAIN_KEYWORD '(' STRING_KEYWORD '[' ']' IDENTIFIER ')' '{' Statement '}' '}'

    '{'  shift, and go to state 9


State 5

    0 $accept: Program $end .

    $default  accept


State 6

    7 ClassDeclaration: CLASS_KEYWORD . IDENTIFIER ClassExtends '{' VariableDeclarationList MethodDeclarationList '}'

    IDENTIFIER  shift, and go to state 10


State 7

    1 Program: MainClassDeclaration ClassDeclarationList .

    $default  reduce using rule 1 (Program)


State 8

    4 ClassDeclarationList: ClassDeclaration . ClassDeclarationList

    CLASS_KEYWORD  shift, and go to state 6

    $default  reduce using rule 3 (ClassDeclarationList)

    ClassDeclarationList  go to state 11
    ClassDeclaration      go to state 8


State 9

    2 MainClassDeclaration: CLASS_KEYWORD IDENTIFIER '{' . PUBLIC_KEYWORD STATIC_KEYWORD VOID_KEYWORD MAIN_KEYWORD '(' STRING_KEYWORD '[' ']' IDENTIFIER ')' '{' Statement '}' '}'

    PUBLIC_KEYWORD  shift, and go to state 12


State 10

    7 ClassDeclaration: CLASS_KEYWORD IDENTIFIER . ClassExtends '{' VariableDeclarationList MethodDeclarationList '}'

    EXTENDS_KEYWORD  shift, and go to state 13

    $default  reduce using rule 5 (ClassExtends)

    ClassExtends  go to state 14


State 11

    4 ClassDeclarationList: ClassDeclaration ClassDeclarationList .

    $default  reduce using rule 4 (ClassDeclarationList)


State 12

    2 MainClassDeclaration: CLASS_KEYWORD IDENTIFIER '{' PUBLIC_KEYWORD . STATIC_KEYWORD VOID_KEYWORD MAIN_KEYWORD '(' STRING_KEYWORD '[' ']' IDENTIFIER ')' '{' Statement '}' '}'

    STATIC_KEYWORD  shift, and go to state 15


State 13

    6 ClassExtends: EXTENDS_KEYWORD . IDENTIFIER

    IDENTIFIER  shift, and go to state 16


State 14

    7 ClassDeclaration: CLASS_KEYWORD IDENTIFIER ClassExtends . '{' VariableDeclarationList MethodDeclarationList '}'

    '{'  shift, and go to state 17


State 15

    2 MainClassDeclaration: CLASS_KEYWORD IDENTIFIER '{' PUBLIC_KEYWORD STATIC_KEYWORD . VOID_KEYWORD MAIN_KEYWORD '(' STRING_KEYWORD '[' ']' IDENTIFIER ')' '{' Statement '}' '}'

    VOID_KEYWORD  shift, and go to state 18


State 16

    6 ClassExtends: EXTENDS_KEYWORD IDENTIFIER .

    $default  reduce using rule 6 (ClassExtends)


State 17

    7 ClassDeclaration: CLASS_KEYWORD IDENTIFIER ClassExtends '{' . VariableDeclarationList MethodDeclarationList '}'

    $default  reduce using rule 8 (VariableDeclarationList)

    VariableDeclarationList  go to state 19


State 18

    2 MainClassDeclaration: CLASS_KEYWORD IDENTIFIER '{' PUBLIC_KEYWORD STATIC_KEYWORD VOID_KEYWORD . MAIN_KEYWORD '(' STRING_KEYWORD '[' ']' IDENTIFIER ')' '{' Statement '}' '}'

    MAIN_KEYWORD  shift, and go to state 20


State 19

    7 ClassDeclaration: CLASS_KEYWORD IDENTIFIER ClassExtends '{' VariableDeclarationList . MethodDeclarationList '}'
    9 VariableDeclarationList: VariableDeclarationList . VariableDeclaration

    IDENTIFIER       shift, and go to state 21
    INT_KEYWORD      shift, and go to state 22
    BOOLEAN_KEYWORD  shift, and go to state 23

    $default  reduce using rule 11 (MethodDeclarationList)

    VariableDeclaration    go to state 24
    MethodDeclarationList  go to state 25
    Type                   go to state 26


State 20

    2 MainClassDeclaration: CLASS_KEYWORD IDENTIFIER '{' PUBLIC_KEYWORD STATIC_KEYWORD VOID_KEYWORD MAIN_KEYWORD . '(' STRING_KEYWORD '[' ']' IDENTIFIER ')' '{' Statement '}' '}'

    '('  shift, and go to state 27


State 21

   22 Type: IDENTIFIER .

    $default  reduce using rule 22 (Type)


State 22

   19 Type: INT_KEYWORD . '[' ']'
   21     | INT_KEYWORD .

    '['  shift, and go to state 28

    $default  reduce using rule 21 (Type)


State 23

   20 Type: BOOLEAN_KEYWORD .

    $default  reduce using rule 20 (Type)


State 24

    9 VariableDeclarationList: VariableDeclarationList VariableDeclaration .

    $default  reduce using rule 9 (VariableDeclarationList)


State 25

    7 ClassDeclaration: CLASS_KEYWORD IDENTIFIER ClassExtends '{' VariableDeclarationList MethodDeclarationList . '}'
   12 MethodDeclarationList: MethodDeclarationList . MethodDeclaration

    PUBLIC_KEYWORD  shift, and go to state 29
    '}'             shift, and go to state 30

    MethodDeclaration  go to state 31


State 26

   10 VariableDeclaration: Type . IDENTIFIER ';'

    IDENTIFIER  shift, and go to state 32


State 27

    2 MainClassDeclaration: CLASS_KEYWORD IDENTIFIER '{' PUBLIC_KEYWORD STATIC_KEYWORD VOID_KEYWORD MAIN_KEYWORD '(' . STRING_KEYWORD '[' ']' IDENTIFIER ')' '{' Statement '}' '}'

    STRING_KEYWORD  shift, and go to state 33


State 28

   19 Type: INT_KEYWORD '[' . ']'

    ']'  shift, and go to state 34


State 29

   13 MethodDeclaration: PUBLIC_KEYWORD . Type IDENTIFIER '(' FormalList ')' '{' VariableDeclarationList StatementList RETURN_KEYWORD Expression ';' '}'

    IDENTIFIER       shift, and go to state 21
    INT_KEYWORD      shift, and go to state 22
    BOOLEAN_KEYWORD  shift, and go to state 23

    Type  go to state 35


State 30

    7 ClassDeclaration: CLASS_KEYWORD IDENTIFIER ClassExtends '{' VariableDeclarationList MethodDeclarationList '}' .

    $default  reduce using rule 7 (ClassDeclaration)


State 31

   12 MethodDeclarationList: MethodDeclarationList MethodDeclaration .

    $default  reduce using rule 12 (MethodDeclarationList)


State 32

   10 VariableDeclaration: Type IDENTIFIER . ';'

    ';'  shift, and go to state 36


State 33

    2 MainClassDeclaration: CLASS_KEYWORD IDENTIFIER '{' PUBLIC_KEYWORD STATIC_KEYWORD VOID_KEYWORD MAIN_KEYWORD '(' STRING_KEYWORD . '[' ']' IDENTIFIER ')' '{' Statement '}' '}'

    '['  shift, and go to state 37


State 34

   19 Type: INT_KEYWORD '[' ']' .

    $default  reduce using rule 19 (Type)


State 35

   13 MethodDeclaration: PUBLIC_KEYWORD Type . IDENTIFIER '(' FormalList ')' '{' VariableDeclarationList StatementList RETURN_KEYWORD Expression ';' '}'

    IDENTIFIER  shift, and go to state 38


State 36

   10 VariableDeclaration: Type IDENTIFIER ';' .

    $default  reduce using rule 10 (VariableDeclaration)


State 37

    2 MainClassDeclaration: CLASS_KEYWORD IDENTIFIER '{' PUBLIC_KEYWORD STATIC_KEYWORD VOID_KEYWORD MAIN_KEYWORD '(' STRING_KEYWORD '[' . ']' IDENTIFIER ')' '{' Statement '}' '}'

    ']'  shift, and go to state 39


State 38

   13 MethodDeclaration: PUBLIC_KEYWORD Type IDENTIFIER . '(' FormalList ')' '{' VariableDeclarationList StatementList RETURN_KEYWORD Expression ';' '}'

    '('  shift, and go to state 40


State 39

    2 MainClassDeclaration: CLASS_KEYWORD IDENTIFIER '{' PUBLIC_KEYWORD STATIC_KEYWORD VOID_KEYWORD MAIN_KEYWORD '(' STRING_KEYWORD '[' ']' . IDENTIFIER ')' '{' Statement '}' '}'

    IDENTIFIER  shift, and go to state 41


State 40

   13 MethodDeclaration: PUBLIC_KEYWORD Type IDENTIFIER '(' . FormalList ')' '{' VariableDeclarationList StatementList RETURN_KEYWORD Expression ';' '}'

    IDENTIFIER       shift, and go to state 21
    INT_KEYWORD      shift, and go to state 22
    BOOLEAN_KEYWORD  shift, and go to state 23

    $default  reduce using rule 14 (FormalList)

    FormalList  go to state 42
    Type        go to state 43


State 41

    2 MainClassDeclaration: CLASS_KEYWORD IDENTIFIER '{' PUBLIC_KEYWORD STATIC_KEYWORD VOID_KEYWORD MAIN_KEYWORD '(' STRING_KEYWORD '[' ']' IDENTIFIER . ')' '{' Statement '}' '}'

    ')'  shift, and go to state 44


State 42

   13 MethodDeclaration: PUBLIC_KEYWORD Type IDENTIFIER '(' FormalList . ')' '{' VariableDeclarationList StatementList RETURN_KEYWORD Expression ';' '}'

    ')'  shift, and go to state 45


State 43

   15 FormalList: Type . IDENTIFIER FormalRestList

    IDENTIFIER  shift, and go to state 46


State 44

    2 MainClassDeclaration: CLASS_KEYWORD IDENTIFIER '{' PUBLIC_KEYWORD STATIC_KEYWORD VOID_KEYWORD MAIN_KEYWORD '(' STRING_KEYWORD '[' ']' IDENTIFIER ')' . '{' Statement '}' '}'

    '{'  shift, and go to state 47


State 45

   13 MethodDeclaration: PUBLIC_KEYWORD Type IDENTIFIER '(' FormalList ')' . '{' VariableDeclarationList StatementList RETURN_KEYWORD Expression ';' '}'

    '{'  shift, and go to state 48


State 46

   15 FormalList: Type IDENTIFIER . FormalRestList

    $default  reduce using rule 16 (FormalRestList)

    FormalRestList  go to state 49


State 47

    2 MainClassDeclaration: CLASS_KEYWORD IDENTIFIER '{' PUBLIC_KEYWORD STATIC_KEYWORD VOID_KEYWORD MAIN_KEYWORD '(' STRING_KEYWORD '[' ']' IDENTIFIER ')' '{' . Statement '}' '}'

    IDENTIFIER      shift, and go to state 50
    IF_KEYWORD      shift, and go to state 51
    WHILE_KEYWORD   shift, and go to state 52
    SYSTEM_KEYWORD  shift, and go to state 53
    '{'             shift, and go to state 54

    Statement  go to state 55


State 48

   13 MethodDeclaration: PUBLIC_KEYWORD Type IDENTIFIER '(' FormalList ')' '{' . VariableDeclarationList StatementList RETURN_KEYWORD Expression ';' '}'

    $default  reduce using rule 8 (VariableDeclarationList)

    VariableDeclarationList  go to state 56


State 49

   15 FormalList: Type IDENTIFIER FormalRestList .
   17 FormalRestList: FormalRestList . FormalRest

    ','  shift, and go to state 57

    $default  reduce using rule 15 (FormalList)

    FormalRest  go to state 58


State 50

   29 Statement: IDENTIFIER . '=' Expression ';'
   30          | IDENTIFIER . '[' Expression ']' '=' Expression ';'

    '='  shift, and go to state 59
    '['  shift, and go to state 60


State 51

   26 Statement: IF_KEYWORD . '(' Expression ')' Statement ELSE_KEYWORD Statement

    '('  shift, and go to state 61


State 52

   27 Statement: WHILE_KEYWORD . '(' Expression ')' Statement

    '('  shift, and go to state 62


State 53

   28 Statement: SYSTEM_KEYWORD . '.' OUT_KEYWORD '.' PRINTLN_KEYWORD '(' Expression ')' ';'

    '.'  shift, and go to state 63


State 54

   25 Statement: '{' . StatementList '}'

    IDENTIFIER      shift, and go to state 50
    IF_KEYWORD      shift, and go to state 51
    WHILE_KEYWORD   shift, and go to state 52
    SYSTEM_KEYWORD  shift, and go to state 53
    '{'             shift, and go to state 54

    $default  reduce using rule 23 (StatementList)

    StatementList  go to state 64
    Statement      go to state 65


State 55

    2 MainClassDeclaration: CLASS_KEYWORD IDENTIFIER '{' PUBLIC_KEYWORD STATIC_KEYWORD VOID_KEYWORD MAIN_KEYWORD '(' STRING_KEYWORD '[' ']' IDENTIFIER ')' '{' Statement . '}' '}'

    '}'  shift, and go to state 66


State 56

    9 VariableDeclarationList: VariableDeclarationList . VariableDeclaration
   13 MethodDeclaration: PUBLIC_KEYWORD Type IDENTIFIER '(' FormalList ')' '{' VariableDeclarationList . StatementList RETURN_KEYWORD Expression ';' '}'

    IDENTIFIER       shift, and go to state 67
    INT_KEYWORD      shift, and go to state 22
    BOOLEAN_KEYWORD  shift, and go to state 23
    IF_KEYWORD       shift, and go to state 51
    WHILE_KEYWORD    shift, and go to state 52
    SYSTEM_KEYWORD   shift, and go to state 53
    '{'              shift, and go to state 54

    $default  reduce using rule 23 (StatementList)

    VariableDeclaration  go to state 24
    Type                 go to state 26
    StatementList        go to state 68
    Statement            go to state 65


State 57

   18 FormalRest: ',' . Type IDENTIFIER

    IDENTIFIER       shift, and go to state 21
    INT_KEYWORD      shift, and go to state 22
    BOOLEAN_KEYWORD  shift, and go to state 23

    Type  go to state 69


State 58

   17 FormalRestList: FormalRestList FormalRest .

    $default  reduce using rule 17 (FormalRestList)


State 59

   29 Statement: IDENTIFIER '=' . Expression ';'

    INTEGER_NUMBER  shift, and go to state 70
    IDENTIFIER      shift, and go to state 71
    TRUE_KEYWORD    shift, and go to state 72
    FALSE_KEYWORD   shift, and go to state 73
    THIS_KEYWORD    shift, and go to state 74
    NEW_KEYWORD     shift, and go to state 75
    '!'             shift, and go to state 76
    '('             shift, and go to state 77

    Expression  go to state 78


State 60

   30 Statement: IDENTIFIER '[' . Expression ']' '=' Expression ';'

    INTEGER_NUMBER  shift, and go to state 70
    IDENTIFIER      shift, and go to state 71
    TRUE_KEYWORD    shift, and go to state 72
    FALSE_KEYWORD   shift, and go to state 73
    THIS_KEYWORD    shift, and go to state 74
    NEW_KEYWORD     shift, and go to state 75
    '!'             shift, and go to state 76
    '('             shift, and go to state 77

    Expression  go to state 79


State 61

   26 Statement: IF_KEYWORD '(' . Expression ')' Statement ELSE_KEYWORD Statement

    INTEGER_NUMBER  shift, and go to state 70
    IDENTIFIER      shift, and go to state 71
    TRUE_KEYWORD    shift, and go to state 72
    FALSE_KEYWORD   shift, and go to state 73
    THIS_KEYWORD    shift, and go to state 74
    NEW_KEYWORD     shift, and go to state 75
    '!'             shift, and go to state 76
    '('             shift, and go to state 77

    Expression  go to state 80


State 62

   27 Statement: WHILE_KEYWORD '(' . Expression ')' Statement

    INTEGER_NUMBER  shift, and go to state 70
    IDENTIFIER      shift, and go to state 71
    TRUE_KEYWORD    shift, and go to state 72
    FALSE_KEYWORD   shift, and go to state 73
    THIS_KEYWORD    shift, and go to state 74
    NEW_KEYWORD     shift, and go to state 75
    '!'             shift, and go to state 76
    '('             shift, and go to state 77

    Expression  go to state 81


State 63

   28 Statement: SYSTEM_KEYWORD '.' . OUT_KEYWORD '.' PRINTLN_KEYWORD '(' Expression ')' ';'

    OUT_KEYWORD  shift, and go to state 82


State 64

   25 Statement: '{' StatementList . '}'

    '}'  shift, and go to state 83


State 65

   24 StatementList: Statement . StatementList

    IDENTIFIER      shift, and go to state 50
    IF_KEYWORD      shift, and go to state 51
    WHILE_KEYWORD   shift, and go to state 52
    SYSTEM_KEYWORD  shift, and go to state 53
    '{'             shift, and go to state 54

    $default  reduce using rule 23 (StatementList)

    StatementList  go to state 84
    Statement      go to state 65


State 66

    2 MainClassDeclaration: CLASS_KEYWORD IDENTIFIER '{' PUBLIC_KEYWORD STATIC_KEYWORD VOID_KEYWORD MAIN_KEYWORD '(' STRING_KEYWORD '[' ']' IDENTIFIER ')' '{' Statement '}' . '}'

    '}'  shift, and go to state 85


State 67

   22 Type: IDENTIFIER .
   29 Statement: IDENTIFIER . '=' Expression ';'
   30          | IDENTIFIER . '[' Expression ']' '=' Expression ';'

    '='  shift, and go to state 59
    '['  shift, and go to state 60

    $default  reduce using rule 22 (Type)


State 68

   13 MethodDeclaration: PUBLIC_KEYWORD Type IDENTIFIER '(' FormalList ')' '{' VariableDeclarationList StatementList . RETURN_KEYWORD Expression ';' '}'

    RETURN_KEYWORD  shift, and go to state 86


State 69

   18 FormalRest: ',' Type . IDENTIFIER

    IDENTIFIER  shift, and go to state 87


State 70

   37 Expression: INTEGER_NUMBER .

    $default  reduce using rule 37 (Expression)


State 71

   40 Expression: IDENTIFIER .

    $default  reduce using rule 40 (Expression)


State 72

   38 Expression: TRUE_KEYWORD .

    $default  reduce using rule 38 (Expression)


State 73

   39 Expression: FALSE_KEYWORD .

    $default  reduce using rule 39 (Expression)


State 74

   41 Expression: THIS_KEYWORD .

    $default  reduce using rule 41 (Expression)


State 75

   42 Expression: NEW_KEYWORD . INT_KEYWORD '[' Expression ']'
   43           | NEW_KEYWORD . IDENTIFIER '(' ')'

    IDENTIFIER   shift, and go to state 88
    INT_KEYWORD  shift, and go to state 89


State 76

   44 Expression: '!' . Expression

    INTEGER_NUMBER  shift, and go to state 70
    IDENTIFIER      shift, and go to state 71
    TRUE_KEYWORD    shift, and go to state 72
    FALSE_KEYWORD   shift, and go to state 73
    THIS_KEYWORD    shift, and go to state 74
    NEW_KEYWORD     shift, and go to state 75
    '!'             shift, and go to state 76
    '('             shift, and go to state 77

    Expression  go to state 90


State 77

   45 Expression: '(' . Expression ')'

    INTEGER_NUMBER  shift, and go to state 70
    IDENTIFIER      shift, and go to state 71
    TRUE_KEYWORD    shift, and go to state 72
    FALSE_KEYWORD   shift, and go to state 73
    THIS_KEYWORD    shift, and go to state 74
    NEW_KEYWORD     shift, and go to state 75
    '!'             shift, and go to state 76
    '('             shift, and go to state 77

    Expression  go to state 91


State 78

   29 Statement: IDENTIFIER '=' Expression . ';'
   31 Expression: Expression . BINARY_AND Expression
   32           | Expression . '<' Expression
   33           | Expression . '+' Expression
   34           | Expression . '-' Expression
   35           | Expression . '*' Expression
   36           | Expression . MethodExpression

    ';'         shift, and go to state 92
    '.'         shift, and go to state 93
    BINARY_AND  shift, and go to state 94
    '<'         shift, and go to state 95
    '+'         shift, and go to state 96
    '-'         shift, and go to state 97
    '*'         shift, and go to state 98

    MethodExpression  go to state 99


State 79

   30 Statement: IDENTIFIER '[' Expression . ']' '=' Expression ';'
   31 Expression: Expression . BINARY_AND Expression
   32           | Expression . '<' Expression
   33           | Expression . '+' Expression
   34           | Expression . '-' Expression
   35           | Expression . '*' Expression
   36           | Expression . MethodExpression

    '.'         shift, and go to state 93
    BINARY_AND  shift, and go to state 94
    '<'         shift, and go to state 95
    '+'         shift, and go to state 96
    '-'         shift, and go to state 97
    '*'         shift, and go to state 98
    ']'         shift, and go to state 100

    MethodExpression  go to state 99


State 80

   26 Statement: IF_KEYWORD '(' Expression . ')' Statement ELSE_KEYWORD Statement
   31 Expression: Expression . BINARY_AND Expression
   32           | Expression . '<' Expression
   33           | Expression . '+' Expression
   34           | Expression . '-' Expression
   35           | Expression . '*' Expression
   36           | Expression . MethodExpression

    '.'         shift, and go to state 93
    BINARY_AND  shift, and go to state 94
    '<'         shift, and go to state 95
    '+'         shift, and go to state 96
    '-'         shift, and go to state 97
    '*'         shift, and go to state 98
    ')'         shift, and go to state 101

    MethodExpression  go to state 99


State 81

   27 Statement: WHILE_KEYWORD '(' Expression . ')' Statement
   31 Expression: Expression . BINARY_AND Expression
   32           | Expression . '<' Expression
   33           | Expression . '+' Expression
   34           | Expression . '-' Expression
   35           | Expression . '*' Expression
   36           | Expression . MethodExpression

    '.'         shift, and go to state 93
    BINARY_AND  shift, and go to state 94
    '<'         shift, and go to state 95
    '+'         shift, and go to state 96
    '-'         shift, and go to state 97
    '*'         shift, and go to state 98
    ')'         shift, and go to state 102

    MethodExpression  go to state 99


State 82

   28 Statement: SYSTEM_KEYWORD '.' OUT_KEYWORD . '.' PRINTLN_KEYWORD '(' Expression ')' ';'

    '.'  shift, and go to state 103


State 83

   25 Statement: '{' StatementList '}' .

    $default  reduce using rule 25 (Statement)


State 84

   24 StatementList: Statement StatementList .

    $default  reduce using rule 24 (StatementList)


State 85

    2 MainClassDeclaration: CLASS_KEYWORD IDENTIFIER '{' PUBLIC_KEYWORD STATIC_KEYWORD VOID_KEYWORD MAIN_KEYWORD '(' STRING_KEYWORD '[' ']' IDENTIFIER ')' '{' Statement '}' '}' .

    $default  reduce using rule 2 (MainClassDeclaration)


State 86

   13 MethodDeclaration: PUBLIC_KEYWORD Type IDENTIFIER '(' FormalList ')' '{' VariableDeclarationList StatementList RETURN_KEYWORD . Expression ';' '}'

    INTEGER_NUMBER  shift, and go to state 70
    IDENTIFIER      shift, and go to state 71
    TRUE_KEYWORD    shift, and go to state 72
    FALSE_KEYWORD   shift, and go to state 73
    THIS_KEYWORD    shift, and go to state 74
    NEW_KEYWORD     shift, and go to state 75
    '!'             shift, and go to state 76
    '('             shift, and go to state 77

    Expression  go to state 104


State 87

   18 FormalRest: ',' Type IDENTIFIER .

    $default  reduce using rule 18 (FormalRest)


State 88

   43 Expression: NEW_KEYWORD IDENTIFIER . '(' ')'

    '('  shift, and go to state 105


State 89

   42 Expression: NEW_KEYWORD INT_KEYWORD . '[' Expression ']'

    '['  shift, and go to state 106


State 90

   31 Expression: Expression . BINARY_AND Expression
   32           | Expression . '<' Expression
   33           | Expression . '+' Expression
   34           | Expression . '-' Expression
   35           | Expression . '*' Expression
   36           | Expression . MethodExpression
   44           | '!' Expression .

    '+'  shift, and go to state 96
    '-'  shift, and go to state 97
    '*'  shift, and go to state 98

    $default  reduce using rule 44 (Expression)

    MethodExpression  go to state 99


State 91

   31 Expression: Expression . BINARY_AND Expression
   32           | Expression . '<' Expression
   33           | Expression . '+' Expression
   34           | Expression . '-' Expression
   35           | Expression . '*' Expression
   36           | Expression . MethodExpression
   45           | '(' Expression . ')'

    '.'         shift, and go to state 93
    BINARY_AND  shift, and go to state 94
    '<'         shift, and go to state 95
    '+'         shift, and go to state 96
    '-'         shift, and go to state 97
    '*'         shift, and go to state 98
    ')'         shift, and go to state 107

    MethodExpression  go to state 99


State 92

   29 Statement: IDENTIFIER '=' Expression ';' .

    $default  reduce using rule 29 (Statement)


State 93

   46 MethodExpression: '.' . LENGTH_KEYWORD
   47                 | '.' . IDENTIFIER '(' ExpressionList ')'

    IDENTIFIER      shift, and go to state 108
    LENGTH_KEYWORD  shift, and go to state 109


State 94

   31 Expression: Expression BINARY_AND . Expression

    INTEGER_NUMBER  shift, and go to state 70
    IDENTIFIER      shift, and go to state 71
    TRUE_KEYWORD    shift, and go to state 72
    FALSE_KEYWORD   shift, and go to state 73
    THIS_KEYWORD    shift, and go to state 74
    NEW_KEYWORD     shift, and go to state 75
    '!'             shift, and go to state 76
    '('             shift, and go to state 77

    Expression  go to state 110


State 95

   32 Expression: Expression '<' . Expression

    INTEGER_NUMBER  shift, and go to state 70
    IDENTIFIER      shift, and go to state 71
    TRUE_KEYWORD    shift, and go to state 72
    FALSE_KEYWORD   shift, and go to state 73
    THIS_KEYWORD    shift, and go to state 74
    NEW_KEYWORD     shift, and go to state 75
    '!'             shift, and go to state 76
    '('             shift, and go to state 77

    Expression  go to state 111


State 96

   33 Expression: Expression '+' . Expression

    INTEGER_NUMBER  shift, and go to state 70
    IDENTIFIER      shift, and go to state 71
    TRUE_KEYWORD    shift, and go to state 72
    FALSE_KEYWORD   shift, and go to state 73
    THIS_KEYWORD    shift, and go to state 74
    NEW_KEYWORD     shift, and go to state 75
    '!'             shift, and go to state 76
    '('             shift, and go to state 77

    Expression  go to state 112


State 97

   34 Expression: Expression '-' . Expression

    INTEGER_NUMBER  shift, and go to state 70
    IDENTIFIER      shift, and go to state 71
    TRUE_KEYWORD    shift, and go to state 72
    FALSE_KEYWORD   shift, and go to state 73
    THIS_KEYWORD    shift, and go to state 74
    NEW_KEYWORD     shift, and go to state 75
    '!'             shift, and go to state 76
    '('             shift, and go to state 77

    Expression  go to state 113


State 98

   35 Expression: Expression '*' . Expression

    INTEGER_NUMBER  shift, and go to state 70
    IDENTIFIER      shift, and go to state 71
    TRUE_KEYWORD    shift, and go to state 72
    FALSE_KEYWORD   shift, and go to state 73
    THIS_KEYWORD    shift, and go to state 74
    NEW_KEYWORD     shift, and go to state 75
    '!'             shift, and go to state 76
    '('             shift, and go to state 77

    Expression  go to state 114


State 99

   36 Expression: Expression MethodExpression .

    $default  reduce using rule 36 (Expression)


State 100

   30 Statement: IDENTIFIER '[' Expression ']' . '=' Expression ';'

    '='  shift, and go to state 115


State 101

   26 Statement: IF_KEYWORD '(' Expression ')' . Statement ELSE_KEYWORD Statement

    IDENTIFIER      shift, and go to state 50
    IF_KEYWORD      shift, and go to state 51
    WHILE_KEYWORD   shift, and go to state 52
    SYSTEM_KEYWORD  shift, and go to state 53
    '{'             shift, and go to state 54

    Statement  go to state 116


State 102

   27 Statement: WHILE_KEYWORD '(' Expression ')' . Statement

    IDENTIFIER      shift, and go to state 50
    IF_KEYWORD      shift, and go to state 51
    WHILE_KEYWORD   shift, and go to state 52
    SYSTEM_KEYWORD  shift, and go to state 53
    '{'             shift, and go to state 54

    Statement  go to state 117


State 103

   28 Statement: SYSTEM_KEYWORD '.' OUT_KEYWORD '.' . PRINTLN_KEYWORD '(' Expression ')' ';'

    PRINTLN_KEYWORD  shift, and go to state 118


State 104

   13 MethodDeclaration: PUBLIC_KEYWORD Type IDENTIFIER '(' FormalList ')' '{' VariableDeclarationList StatementList RETURN_KEYWORD Expression . ';' '}'
   31 Expression: Expression . BINARY_AND Expression
   32           | Expression . '<' Expression
   33           | Expression . '+' Expression
   34           | Expression . '-' Expression
   35           | Expression . '*' Expression
   36           | Expression . MethodExpression

    ';'         shift, and go to state 119
    '.'         shift, and go to state 93
    BINARY_AND  shift, and go to state 94
    '<'         shift, and go to state 95
    '+'         shift, and go to state 96
    '-'         shift, and go to state 97
    '*'         shift, and go to state 98

    MethodExpression  go to state 99


State 105

   43 Expression: NEW_KEYWORD IDENTIFIER '(' . ')'

    ')'  shift, and go to state 120


State 106

   42 Expression: NEW_KEYWORD INT_KEYWORD '[' . Expression ']'

    INTEGER_NUMBER  shift, and go to state 70
    IDENTIFIER      shift, and go to state 71
    TRUE_KEYWORD    shift, and go to state 72
    FALSE_KEYWORD   shift, and go to state 73
    THIS_KEYWORD    shift, and go to state 74
    NEW_KEYWORD     shift, and go to state 75
    '!'             shift, and go to state 76
    '('             shift, and go to state 77

    Expression  go to state 121


State 107

   45 Expression: '(' Expression ')' .

    $default  reduce using rule 45 (Expression)


State 108

   47 MethodExpression: '.' IDENTIFIER . '(' ExpressionList ')'

    '('  shift, and go to state 122


State 109

   46 MethodExpression: '.' LENGTH_KEYWORD .

    $default  reduce using rule 46 (MethodExpression)


State 110

   31 Expression: Expression . BINARY_AND Expression
   31           | Expression BINARY_AND Expression .
   32           | Expression . '<' Expression
   33           | Expression . '+' Expression
   34           | Expression . '-' Expression
   35           | Expression . '*' Expression
   36           | Expression . MethodExpression

    '<'  shift, and go to state 95
    '+'  shift, and go to state 96
    '-'  shift, and go to state 97
    '*'  shift, and go to state 98

    $default  reduce using rule 31 (Expression)

    MethodExpression  go to state 99


State 111

   31 Expression: Expression . BINARY_AND Expression
   32           | Expression . '<' Expression
   32           | Expression '<' Expression .
   33           | Expression . '+' Expression
   34           | Expression . '-' Expression
   35           | Expression . '*' Expression
   36           | Expression . MethodExpression

    '+'  shift, and go to state 96
    '-'  shift, and go to state 97
    '*'  shift, and go to state 98

    $default  reduce using rule 32 (Expression)

    MethodExpression  go to state 99


State 112

   31 Expression: Expression . BINARY_AND Expression
   32           | Expression . '<' Expression
   33           | Expression . '+' Expression
   33           | Expression '+' Expression .
   34           | Expression . '-' Expression
   35           | Expression . '*' Expression
   36           | Expression . MethodExpression

    '*'  shift, and go to state 98

    $default  reduce using rule 33 (Expression)

    MethodExpression  go to state 99


State 113

   31 Expression: Expression . BINARY_AND Expression
   32           | Expression . '<' Expression
   33           | Expression . '+' Expression
   34           | Expression . '-' Expression
   34           | Expression '-' Expression .
   35           | Expression . '*' Expression
   36           | Expression . MethodExpression

    '*'  shift, and go to state 98

    $default  reduce using rule 34 (Expression)

    MethodExpression  go to state 99


State 114

   31 Expression: Expression . BINARY_AND Expression
   32           | Expression . '<' Expression
   33           | Expression . '+' Expression
   34           | Expression . '-' Expression
   35           | Expression . '*' Expression
   35           | Expression '*' Expression .
   36           | Expression . MethodExpression

    $default  reduce using rule 35 (Expression)

    MethodExpression  go to state 99


State 115

   30 Statement: IDENTIFIER '[' Expression ']' '=' . Expression ';'

    INTEGER_NUMBER  shift, and go to state 70
    IDENTIFIER      shift, and go to state 71
    TRUE_KEYWORD    shift, and go to state 72
    FALSE_KEYWORD   shift, and go to state 73
    THIS_KEYWORD    shift, and go to state 74
    NEW_KEYWORD     shift, and go to state 75
    '!'             shift, and go to state 76
    '('             shift, and go to state 77

    Expression  go to state 123


State 116

   26 Statement: IF_KEYWORD '(' Expression ')' Statement . ELSE_KEYWORD Statement

    ELSE_KEYWORD  shift, and go to state 124


State 117

   27 Statement: WHILE_KEYWORD '(' Expression ')' Statement .

    $default  reduce using rule 27 (Statement)


State 118

   28 Statement: SYSTEM_KEYWORD '.' OUT_KEYWORD '.' PRINTLN_KEYWORD . '(' Expression ')' ';'

    '('  shift, and go to state 125


State 119

   13 MethodDeclaration: PUBLIC_KEYWORD Type IDENTIFIER '(' FormalList ')' '{' VariableDeclarationList StatementList RETURN_KEYWORD Expression ';' . '}'

    '}'  shift, and go to state 126


State 120

   43 Expression: NEW_KEYWORD IDENTIFIER '(' ')' .

    $default  reduce using rule 43 (Expression)


State 121

   31 Expression: Expression . BINARY_AND Expression
   32           | Expression . '<' Expression
   33           | Expression . '+' Expression
   34           | Expression . '-' Expression
   35           | Expression . '*' Expression
   36           | Expression . MethodExpression
   42           | NEW_KEYWORD INT_KEYWORD '[' Expression . ']'

    '.'         shift, and go to state 93
    BINARY_AND  shift, and go to state 94
    '<'         shift, and go to state 95
    '+'         shift, and go to state 96
    '-'         shift, and go to state 97
    '*'         shift, and go to state 98
    ']'         shift, and go to state 127

    MethodExpression  go to state 99


State 122

   47 MethodExpression: '.' IDENTIFIER '(' . ExpressionList ')'

    INTEGER_NUMBER  shift, and go to state 70
    IDENTIFIER      shift, and go to state 71
    TRUE_KEYWORD    shift, and go to state 72
    FALSE_KEYWORD   shift, and go to state 73
    THIS_KEYWORD    shift, and go to state 74
    NEW_KEYWORD     shift, and go to state 75
    '!'             shift, and go to state 76
    '('             shift, and go to state 77

    $default  reduce using rule 48 (ExpressionList)

    Expression      go to state 128
    ExpressionList  go to state 129


State 123

   30 Statement: IDENTIFIER '[' Expression ']' '=' Expression . ';'
   31 Expression: Expression . BINARY_AND Expression
   32           | Expression . '<' Expression
   33           | Expression . '+' Expression
   34           | Expression . '-' Expression
   35           | Expression . '*' Expression
   36           | Expression . MethodExpression

    ';'         shift, and go to state 130
    '.'         shift, and go to state 93
    BINARY_AND  shift, and go to state 94
    '<'         shift, and go to state 95
    '+'         shift, and go to state 96
    '-'         shift, and go to state 97
    '*'         shift, and go to state 98

    MethodExpression  go to state 99


State 124

   26 Statement: IF_KEYWORD '(' Expression ')' Statement ELSE_KEYWORD . Statement

    IDENTIFIER      shift, and go to state 50
    IF_KEYWORD      shift, and go to state 51
    WHILE_KEYWORD   shift, and go to state 52
    SYSTEM_KEYWORD  shift, and go to state 53
    '{'             shift, and go to state 54

    Statement  go to state 131


State 125

   28 Statement: SYSTEM_KEYWORD '.' OUT_KEYWORD '.' PRINTLN_KEYWORD '(' . Expression ')' ';'

    INTEGER_NUMBER  shift, and go to state 70
    IDENTIFIER      shift, and go to state 71
    TRUE_KEYWORD    shift, and go to state 72
    FALSE_KEYWORD   shift, and go to state 73
    THIS_KEYWORD    shift, and go to state 74
    NEW_KEYWORD     shift, and go to state 75
    '!'             shift, and go to state 76
    '('             shift, and go to state 77

    Expression  go to state 132


State 126

   13 MethodDeclaration: PUBLIC_KEYWORD Type IDENTIFIER '(' FormalList ')' '{' VariableDeclarationList StatementList RETURN_KEYWORD Expression ';' '}' .

    $default  reduce using rule 13 (MethodDeclaration)


State 127

   42 Expression: NEW_KEYWORD INT_KEYWORD '[' Expression ']' .

    $default  reduce using rule 42 (Expression)


State 128

   31 Expression: Expression . BINARY_AND Expression
   32           | Expression . '<' Expression
   33           | Expression . '+' Expression
   34           | Expression . '-' Expression
   35           | Expression . '*' Expression
   36           | Expression . MethodExpression
   49 ExpressionList: Expression . ExpressionRestList

    ','         shift, and go to state 133
    '.'         shift, and go to state 93
    BINARY_AND  shift, and go to state 94
    '<'         shift, and go to state 95
    '+'         shift, and go to state 96
    '-'         shift, and go to state 97
    '*'         shift, and go to state 98

    $default  reduce using rule 50 (ExpressionRestList)

    MethodExpression    go to state 99
    ExpressionRestList  go to state 134
    ExpressionRest      go to state 135


State 129

   47 MethodExpression: '.' IDENTIFIER '(' ExpressionList . ')'

    ')'  shift, and go to state 136


State 130

   30 Statement: IDENTIFIER '[' Expression ']' '=' Expression ';' .

    $default  reduce using rule 30 (Statement)


State 131

   26 Statement: IF_KEYWORD '(' Expression ')' Statement ELSE_KEYWORD Statement .

    $default  reduce using rule 26 (Statement)


State 132

   28 Statement: SYSTEM_KEYWORD '.' OUT_KEYWORD '.' PRINTLN_KEYWORD '(' Expression . ')' ';'
   31 Expression: Expression . BINARY_AND Expression
   32           | Expression . '<' Expression
   33           | Expression . '+' Expression
   34           | Expression . '-' Expression
   35           | Expression . '*' Expression
   36           | Expression . MethodExpression

    '.'         shift, and go to state 93
    BINARY_AND  shift, and go to state 94
    '<'         shift, and go to state 95
    '+'         shift, and go to state 96
    '-'         shift, and go to state 97
    '*'         shift, and go to state 98
    ')'         shift, and go to state 137

    MethodExpression  go to state 99


State 133

   52 ExpressionRest: ',' . Expression

    INTEGER_NUMBER  shift, and go to state 70
    IDENTIFIER      shift, and go to state 71
    TRUE_KEYWORD    shift, and go to state 72
    FALSE_KEYWORD   shift, and go to state 73
    THIS_KEYWORD    shift, and go to state 74
    NEW_KEYWORD     shift, and go to state 75
    '!'             shift, and go to state 76
    '('             shift, and go to state 77

    Expression  go to state 138


State 134

   49 ExpressionList: Expression ExpressionRestList .

    $default  reduce using rule 49 (ExpressionList)


State 135

   51 ExpressionRestList: ExpressionRest . ExpressionRestList

    ','  shift, and go to state 133

    $default  reduce using rule 50 (ExpressionRestList)

    ExpressionRestList  go to state 139
    ExpressionRest      go to state 135


State 136

   47 MethodExpression: '.' IDENTIFIER '(' ExpressionList ')' .

    $default  reduce using rule 47 (MethodExpression)


State 137

   28 Statement: SYSTEM_KEYWORD '.' OUT_KEYWORD '.' PRINTLN_KEYWORD '(' Expression ')' . ';'

    ';'  shift, and go to state 140


State 138

   31 Expression: Expression . BINARY_AND Expression
   32           | Expression . '<' Expression
   33           | Expression . '+' Expression
   34           | Expression . '-' Expression
   35           | Expression . '*' Expression
   36           | Expression . MethodExpression
   52 ExpressionRest: ',' Expression .

    '.'         shift, and go to state 93
    BINARY_AND  shift, and go to state 94
    '<'         shift, and go to state 95
    '+'         shift, and go to state 96
    '-'         shift, and go to state 97
    '*'         shift, and go to state 98

    $default  reduce using rule 52 (ExpressionRest)

    MethodExpression  go to state 99


State 139

   51 ExpressionRestList: ExpressionRest ExpressionRestList .

    $default  reduce using rule 51 (ExpressionRestList)


State 140

   28 Statement: SYSTEM_KEYWORD '.' OUT_KEYWORD '.' PRINTLN_KEYWORD '(' Expression ')' ';' .

    $default  reduce using rule 28 (Statement)
